{
  "name": "my-v0-project",
  "version": "0.1.0",
  "private": true,
  "scripts": {
    "build": "next build",        // Next.js 앱을 production 빌드
    "dev": "next dev -p 4200",    // Next.js 개발 서버 (포트 4200)
    "lint": "next lint",          // 코드 린팅 검사
    "start": "next start"         // production 모드 서버 시작
  },
  "dependencies": {
    "@hookform/resolvers": "^3.9.1",           // react-hook-form과 유효성 라이브러리(Zod 등) 통합
    "@radix-ui/react-accordion": "1.2.2",      // 접근성 좋은 아코디언 UI 컴포넌트
    "@radix-ui/react-alert-dialog": "1.1.4",   // 접근성 있는 모달/경고 대화창
    "@radix-ui/react-aspect-ratio": "1.1.1",   // 고정 비율 박스 (예: 미디어 컨테이너)
    "@radix-ui/react-avatar": "1.1.2",         // 사용자 아바타 UI 구성
    "@radix-ui/react-checkbox": "1.1.3",       // 커스터마이징 가능한 체크박스
    "@radix-ui/react-collapsible": "1.1.2",    // 접고 펼치는 collapsible 컴포넌트
    "@radix-ui/react-context-menu": "2.2.4",   // 우클릭 컨텍스트 메뉴 구현
    "@radix-ui/react-dialog": "1.1.4",         // 모달 다이얼로그 UI
    "@radix-ui/react-dropdown-menu": "2.1.4",  // 드롭다운 메뉴 구성 요소
    "@radix-ui/react-hover-card": "1.1.4",     // hover 시 카드 정보 표시용 UI
    "@radix-ui/react-label": "2.1.1",           // 접근성 좋은 라벨 연결 컴포넌트
    "@radix-ui/react-menubar": "1.1.4",        // 데스크탑 스타일 메뉴 바
    "@radix-ui/react-navigation-menu": "1.2.3",// 탐색 메뉴 (탭/사이드바 등)
    "@radix-ui/react-popover": "1.1.4",         // 팝오버/툴팁 외 UI 표시
    "@radix-ui/react-progress": "1.1.1",        // 진행 상태 표시 바(progress bar)
    "@radix-ui/react-radio-group": "1.2.2",     // 라디오 버튼 그룹
    "@radix-ui/react-scroll-area": "1.2.2",     // 스크롤 커스텀 UI 영역
    "@radix-ui/react-select": "2.1.4",          // 셀렉트 박스(drop‑down) UI
    "@radix-ui/react-separator": "1.1.1",       // 구획 분리(separator) UI
    "@radix-ui/react-slider": "1.2.2",          // 슬라이더 입력 컴포넌트
    "@radix-ui/react-slot": "1.1.1",            // 슬롯 기반 컴포지션 유틸리티
    "@radix-ui/react-switch": "1.1.2",          // 토글 스위치 UI 컴포넌트
    "@radix-ui/react-tabs": "1.1.2",            // 탭 인터페이스 구현
    "@radix-ui/react-toast": "1.2.4",           // 알림/toast 메시지 UI
    "@radix-ui/react-toggle": "1.1.1",          // 단일 토글 버튼
    "@radix-ui/react-toggle-group": "1.1.1",    // 토글 그룹 (여러 토글)
    "@radix-ui/react-tooltip": "1.1.6",         // 마우스 오버 시 툴팁 표시
    "autoprefixer": "^10.4.20",                  // CSS 자동 접두사 처리
    "class-variance-authority": "^0.7.1",        // Tailwind 스타일 변형 규칙 관리
    "clsx": "^2.1.1",                            // 조건부 CSS 클래스 조합 유틸리티
    "cmdk": "1.0.4",                             // 키보드 네비게이션 가능한 명령 팔레트 UI
    "date-fns": "4.1.0",                         // 가볍고 모듈화된 날짜 처리 라이브러리
    "embla-carousel-react": "8.5.1",             // 터치/모바일 지원 캐러셀 컴포넌트
    "input-otp": "1.4.1",                        // OTP(일회용 코드) 입력 UI
    "jwt-decode": "^4.0.0",                      // JWT 토큰 디코딩 (payload 추출)
    "lucide-react": "^0.454.0",                  // 아이콘 리액트 컴포넌트 (Lucide 아이콘)
    "next": "15.2.4",                            // Next.js 메인 프레임워크
    "next-auth": "^4.24.11",                     // 인증/세션 관리 (OAuth 포함)
    "next-themes": "^0.4.4",                     // 다크/라이트 테마 토글 지원
    "react": "^19",                              // React 라이브러리
    "react-day-picker": "8.10.1",                // 날짜 선택 UI (달력)
    "react-dom": "^19",                          // React DOM 렌더러
    "react-hook-form": "^7.54.1",               // React 기반 폼과 유효성 관리
    "react-resizable-panels": "^2.1.7",         // 크기 조절 가능한 패널 레이아웃
    "recharts": "2.15.0",                        // 리액트용 차트 라이브러리
    "sonner": "^1.7.1",                          // 경량 토스트/알림 UI 라이브러리
    "tailwind-merge": "^2.5.5",                  // Tailwind 클래스 병합 충돌 해결
    "tailwindcss-animate": "^1.0.7",             // Tailwind 기반 애니메이션 유틸리티
    "vaul": "^0.9.6",                            // 보안 기반 임시 인증 키 저장소
    "zod": "^3.24.1",                            // 타입 안전 데이터 유효성 스키마 정의
    "zustand": "^5.0.6"                         // 상태 관리 (가볍고 단순한 전역 상태)
  },
  "devDependencies": {
    "@types/jwt-decode": "^3.1.0",              // jwt-decode TypeScript 타입 정의
    "@types/node": "^22",                       // Node.js 환경 타입
    "@types/react": "^19",                      // React 타입 정의
    "@types/react-dom": "^19",                  // ReactDOM 타입 정의
    "postcss": "^8.5",                          // Tailwind용 CSS 후처리기
    "tailwindcss": "^3.4.17",                   // 유틸리티 퍼스트 CSS 프레임워크
    "typescript": "^5"                          // TypeScript 언어 지원
  }
}